{"uuid":"27832c25-1d80-4989-90b7-f215f715764b","historyId":"24805bd7a7c06ecf92c30272f37f3a3e","testCaseId":"ac1316214e0e8bed8a6b5e23490de24b","fullName":"src/test/resources/features/ui/role_management/updateProfile.feature:17","labels":[{"name":"host","value":"EPINHYDW0F53"},{"name":"thread","value":"22620@EPINHYDW0F53.main(1)"},{"name":"feature","value":"UI Testing for update Profile"},{"name":"story","value":"Validating the Update Profile Page"},{"name":"suite","value":"UI Testing for update Profile"},{"name":"testClass","value":"Validating the Update Profile Page"},{"name":"framework","value":"cucumber4jvm"},{"name":"language","value":"java"},{"name":"gherkin_uri","value":"file:///C:/Users/nuthula_pooja/Desktop/QA/GymManagement_qa/src/test/resources/features/ui/role_management/updateProfile.feature"},{"name":"package","value":"src.test.resources.features.ui.role_management.updateProfile_feature.UI Testing for update Profile"}],"links":[],"name":"Validating the Update Profile Page","status":"broken","statusDetails":{"known":false,"muted":false,"flaky":false,"message":"Expected condition failed: waiting for visibility of element located by By.xpath: //div [@role = \"alert\"] (tried for 20 second(s) with 500 milliseconds interval)\nBuild info: version: '4.24.0', revision: '748ffc9bc3'\nSystem info: os.name: 'Windows 11', os.arch: 'amd64', os.version: '10.0', java.version: '23'\nDriver info: org.openqa.selenium.firefox.FirefoxDriver\nCapabilities {acceptInsecureCerts: true, browserName: firefox, browserVersion: 127.0.1, moz:accessibilityChecks: false, moz:buildID: 20240618110440, moz:debuggerAddress: 127.0.0.1:10325, moz:geckodriverVersion: 0.35.0, moz:headless: false, moz:platformVersion: 10.0, moz:processID: 20008, moz:profile: C:\\Users\\NUTHUL~1\\AppData\\L..., moz:shutdownTimeout: 60000, moz:webdriverClick: true, moz:windowless: false, pageLoadStrategy: normal, platformName: windows, proxy: Proxy(), se:cdp: ws://127.0.0.1:10325/devtoo..., se:cdpVersion: 85.0, setWindowRect: true, strictFileInteractability: false, timeouts: {implicit: 0, pageLoad: 300000, script: 30000}, unhandledPromptBehavior: dismiss and notify, userAgent: Mozilla/5.0 (Windows NT 10....}\nSession ID: 959d3116-b406-4688-a6a2-d824027b9711","trace":"org.openqa.selenium.TimeoutException: Expected condition failed: waiting for visibility of element located by By.xpath: //div [@role = \"alert\"] (tried for 20 second(s) with 500 milliseconds interval)\nBuild info: version: '4.24.0', revision: '748ffc9bc3'\nSystem info: os.name: 'Windows 11', os.arch: 'amd64', os.version: '10.0', java.version: '23'\nDriver info: org.openqa.selenium.firefox.FirefoxDriver\nCapabilities {acceptInsecureCerts: true, browserName: firefox, browserVersion: 127.0.1, moz:accessibilityChecks: false, moz:buildID: 20240618110440, moz:debuggerAddress: 127.0.0.1:10325, moz:geckodriverVersion: 0.35.0, moz:headless: false, moz:platformVersion: 10.0, moz:processID: 20008, moz:profile: C:\\Users\\NUTHUL~1\\AppData\\L..., moz:shutdownTimeout: 60000, moz:webdriverClick: true, moz:windowless: false, pageLoadStrategy: normal, platformName: windows, proxy: Proxy(), se:cdp: ws://127.0.0.1:10325/devtoo..., se:cdpVersion: 85.0, setWindowRect: true, strictFileInteractability: false, timeouts: {implicit: 0, pageLoad: 300000, script: 30000}, unhandledPromptBehavior: dismiss and notify, userAgent: Mozilla/5.0 (Windows NT 10....}\nSession ID: 959d3116-b406-4688-a6a2-d824027b9711\r\n\tat org.openqa.selenium.support.ui.WebDriverWait.timeoutException(WebDriverWait.java:84)\r\n\tat org.openqa.selenium.support.ui.FluentWait.until(FluentWait.java:228)\r\n\tat com.epam.gym.utils.WaitHelper.waitForvisibilityOfElementLocated(WaitHelper.java:33)\r\n\tat com.epam.gym.pages.UpdatePage.getToastMessage(UpdatePage.java:125)\r\n\tat com.epam.gym.ui.stepdefinitions.UpdateProfile.iShouldSeeTheMessage(UpdateProfile.java:82)\r\n\tat ✽.I should see \"Name is required and must contain at least one alphabetic character and cannot be purely numeric.\" in the \"toast\"(file:///C:/Users/nuthula_pooja/Desktop/QA/GymManagement_qa/src/test/resources/features/ui/role_management/updateProfile.feature:12)\r\n"},"stage":"finished","steps":[{"name":"Given I am on the Login Page of the Gym Management Application","status":"passed","statusDetails":{"known":false,"muted":false,"flaky":false},"stage":"finished","steps":[],"attachments":[],"parameters":[],"start":1729576991629,"stop":1729576991799},{"name":"And I enter email and password","status":"passed","statusDetails":{"known":false,"muted":false,"flaky":false},"stage":"finished","steps":[],"attachments":[],"parameters":[],"start":1729576991799,"stop":1729576995236},{"name":"Given I click on the Edit account Profile button","status":"passed","statusDetails":{"known":false,"muted":false,"flaky":false},"stage":"finished","steps":[],"attachments":[],"parameters":[],"start":1729576995236,"stop":1729576998837},{"name":"Then I should navigate to the update profile page","status":"passed","statusDetails":{"known":false,"muted":false,"flaky":false},"stage":"finished","steps":[],"attachments":[],"parameters":[],"start":1729576998837,"stop":1729577000881},{"name":"And I enter \"\", \"Muscle Gain\", and \"Yoga\"","status":"passed","statusDetails":{"known":false,"muted":false,"flaky":false},"stage":"finished","steps":[],"attachments":[],"parameters":[],"start":1729577000881,"stop":1729577006026},{"name":"And I click on Save changes button","status":"passed","statusDetails":{"known":false,"muted":false,"flaky":false},"stage":"finished","steps":[],"attachments":[],"parameters":[],"start":1729577006026,"stop":1729577010319},{"name":"Then I should see \"Name is required and must contain at least one alphabetic character and cannot be purely numeric.\" in the \"toast\"","status":"broken","statusDetails":{"known":false,"muted":false,"flaky":false,"message":"Expected condition failed: waiting for visibility of element located by By.xpath: //div [@role = \"alert\"] (tried for 20 second(s) with 500 milliseconds interval)\nBuild info: version: '4.24.0', revision: '748ffc9bc3'\nSystem info: os.name: 'Windows 11', os.arch: 'amd64', os.version: '10.0', java.version: '23'\nDriver info: org.openqa.selenium.firefox.FirefoxDriver\nCapabilities {acceptInsecureCerts: true, browserName: firefox, browserVersion: 127.0.1, moz:accessibilityChecks: false, moz:buildID: 20240618110440, moz:debuggerAddress: 127.0.0.1:10325, moz:geckodriverVersion: 0.35.0, moz:headless: false, moz:platformVersion: 10.0, moz:processID: 20008, moz:profile: C:\\Users\\NUTHUL~1\\AppData\\L..., moz:shutdownTimeout: 60000, moz:webdriverClick: true, moz:windowless: false, pageLoadStrategy: normal, platformName: windows, proxy: Proxy(), se:cdp: ws://127.0.0.1:10325/devtoo..., se:cdpVersion: 85.0, setWindowRect: true, strictFileInteractability: false, timeouts: {implicit: 0, pageLoad: 300000, script: 30000}, unhandledPromptBehavior: dismiss and notify, userAgent: Mozilla/5.0 (Windows NT 10....}\nSession ID: 959d3116-b406-4688-a6a2-d824027b9711","trace":"org.openqa.selenium.TimeoutException: Expected condition failed: waiting for visibility of element located by By.xpath: //div [@role = \"alert\"] (tried for 20 second(s) with 500 milliseconds interval)\nBuild info: version: '4.24.0', revision: '748ffc9bc3'\nSystem info: os.name: 'Windows 11', os.arch: 'amd64', os.version: '10.0', java.version: '23'\nDriver info: org.openqa.selenium.firefox.FirefoxDriver\nCapabilities {acceptInsecureCerts: true, browserName: firefox, browserVersion: 127.0.1, moz:accessibilityChecks: false, moz:buildID: 20240618110440, moz:debuggerAddress: 127.0.0.1:10325, moz:geckodriverVersion: 0.35.0, moz:headless: false, moz:platformVersion: 10.0, moz:processID: 20008, moz:profile: C:\\Users\\NUTHUL~1\\AppData\\L..., moz:shutdownTimeout: 60000, moz:webdriverClick: true, moz:windowless: false, pageLoadStrategy: normal, platformName: windows, proxy: Proxy(), se:cdp: ws://127.0.0.1:10325/devtoo..., se:cdpVersion: 85.0, setWindowRect: true, strictFileInteractability: false, timeouts: {implicit: 0, pageLoad: 300000, script: 30000}, unhandledPromptBehavior: dismiss and notify, userAgent: Mozilla/5.0 (Windows NT 10....}\nSession ID: 959d3116-b406-4688-a6a2-d824027b9711\r\n\tat org.openqa.selenium.support.ui.WebDriverWait.timeoutException(WebDriverWait.java:84)\r\n\tat org.openqa.selenium.support.ui.FluentWait.until(FluentWait.java:228)\r\n\tat com.epam.gym.utils.WaitHelper.waitForvisibilityOfElementLocated(WaitHelper.java:33)\r\n\tat com.epam.gym.pages.UpdatePage.getToastMessage(UpdatePage.java:125)\r\n\tat com.epam.gym.ui.stepdefinitions.UpdateProfile.iShouldSeeTheMessage(UpdateProfile.java:82)\r\n\tat ✽.I should see \"Name is required and must contain at least one alphabetic character and cannot be purely numeric.\" in the \"toast\"(file:///C:/Users/nuthula_pooja/Desktop/QA/GymManagement_qa/src/test/resources/features/ui/role_management/updateProfile.feature:12)\r\n"},"stage":"finished","steps":[],"attachments":[],"parameters":[],"start":1729577010319,"stop":1729577030621}],"attachments":[],"parameters":[{"name":"name","value":""},{"name":"Your Target","value":"Muscle Gain"},{"name":"Your Preferable Activity","value":"Yoga"},{"name":"message","value":"Name is required and must contain at least one alphabetic character and cannot be purely numeric."},{"name":"locator","value":"toast"}],"start":1729576991629,"stop":1729577031298}