{"uuid":"a8a10f9a-889b-469a-867f-a3071bcf96f7","historyId":"ffc3de40a0848e58c82dd663a7b08c2d","testCaseId":"ac1316214e0e8bed8a6b5e23490de24b","fullName":"src/test/resources/features/ui/role_management/updateProfile.feature:18","labels":[{"name":"host","value":"EPINHYDW0F53"},{"name":"thread","value":"1544@EPINHYDW0F53.main(1)"},{"name":"feature","value":"UI Testing for update Profile"},{"name":"story","value":"Validating the Update Profile Page"},{"name":"suite","value":"UI Testing for update Profile"},{"name":"testClass","value":"Validating the Update Profile Page"},{"name":"framework","value":"cucumber4jvm"},{"name":"language","value":"java"},{"name":"gherkin_uri","value":"file:///C:/Users/nuthula_pooja/Desktop/QA/GymManagement_qa/src/test/resources/features/ui/role_management/updateProfile.feature"},{"name":"package","value":"src.test.resources.features.ui.role_management.updateProfile_feature.UI Testing for update Profile"}],"links":[],"name":"Validating the Update Profile Page","status":"broken","statusDetails":{"known":false,"muted":false,"flaky":false,"message":"Expected condition failed: waiting for visibility of element located by By.xpath: //div [@role = \"alert\"] (tried for 20 second(s) with 500 milliseconds interval)\nBuild info: version: '4.24.0', revision: '748ffc9bc3'\nSystem info: os.name: 'Windows 11', os.arch: 'amd64', os.version: '10.0', java.version: '23'\nDriver info: org.openqa.selenium.firefox.FirefoxDriver\nCapabilities {acceptInsecureCerts: true, browserName: firefox, browserVersion: 127.0.1, moz:accessibilityChecks: false, moz:buildID: 20240618110440, moz:debuggerAddress: 127.0.0.1:46062, moz:geckodriverVersion: 0.35.0, moz:headless: false, moz:platformVersion: 10.0, moz:processID: 10036, moz:profile: C:\\Users\\NUTHUL~1\\AppData\\L..., moz:shutdownTimeout: 60000, moz:webdriverClick: true, moz:windowless: false, pageLoadStrategy: normal, platformName: windows, proxy: Proxy(), se:cdp: ws://127.0.0.1:46062/devtoo..., se:cdpVersion: 85.0, setWindowRect: true, strictFileInteractability: false, timeouts: {implicit: 0, pageLoad: 300000, script: 30000}, unhandledPromptBehavior: dismiss and notify, userAgent: Mozilla/5.0 (Windows NT 10....}\nSession ID: acb3f8f3-7b2d-4ca7-b5d1-430d0014485d","trace":"org.openqa.selenium.TimeoutException: Expected condition failed: waiting for visibility of element located by By.xpath: //div [@role = \"alert\"] (tried for 20 second(s) with 500 milliseconds interval)\nBuild info: version: '4.24.0', revision: '748ffc9bc3'\nSystem info: os.name: 'Windows 11', os.arch: 'amd64', os.version: '10.0', java.version: '23'\nDriver info: org.openqa.selenium.firefox.FirefoxDriver\nCapabilities {acceptInsecureCerts: true, browserName: firefox, browserVersion: 127.0.1, moz:accessibilityChecks: false, moz:buildID: 20240618110440, moz:debuggerAddress: 127.0.0.1:46062, moz:geckodriverVersion: 0.35.0, moz:headless: false, moz:platformVersion: 10.0, moz:processID: 10036, moz:profile: C:\\Users\\NUTHUL~1\\AppData\\L..., moz:shutdownTimeout: 60000, moz:webdriverClick: true, moz:windowless: false, pageLoadStrategy: normal, platformName: windows, proxy: Proxy(), se:cdp: ws://127.0.0.1:46062/devtoo..., se:cdpVersion: 85.0, setWindowRect: true, strictFileInteractability: false, timeouts: {implicit: 0, pageLoad: 300000, script: 30000}, unhandledPromptBehavior: dismiss and notify, userAgent: Mozilla/5.0 (Windows NT 10....}\nSession ID: acb3f8f3-7b2d-4ca7-b5d1-430d0014485d\r\n\tat org.openqa.selenium.support.ui.WebDriverWait.timeoutException(WebDriverWait.java:84)\r\n\tat org.openqa.selenium.support.ui.FluentWait.until(FluentWait.java:228)\r\n\tat com.epam.gym.utils.WaitHelper.waitForvisibilityOfElementLocated(WaitHelper.java:33)\r\n\tat com.epam.gym.pages.UpdatePage.getToastMessage(UpdatePage.java:128)\r\n\tat com.epam.gym.ui.stepdefinitions.UpdateProfile.iShouldSeeTheMessage(UpdateProfile.java:82)\r\n\tat ✽.I should see \"Name can only contain letters and spaces\" in the \"toast\"(file:///C:/Users/nuthula_pooja/Desktop/QA/GymManagement_qa/src/test/resources/features/ui/role_management/updateProfile.feature:12)\r\n"},"stage":"finished","steps":[{"name":"Given I am on the Login Page of the Gym Management Application","status":"passed","statusDetails":{"known":false,"muted":false,"flaky":false},"stage":"finished","steps":[],"attachments":[],"parameters":[],"start":1729577835578,"stop":1729577835750},{"name":"And I enter email and password","status":"passed","statusDetails":{"known":false,"muted":false,"flaky":false},"stage":"finished","steps":[],"attachments":[],"parameters":[],"start":1729577835750,"stop":1729577839195},{"name":"Given I click on the Edit account Profile button","status":"passed","statusDetails":{"known":false,"muted":false,"flaky":false},"stage":"finished","steps":[],"attachments":[],"parameters":[],"start":1729577839195,"stop":1729577842786},{"name":"Then I should navigate to the update profile page","status":"passed","statusDetails":{"known":false,"muted":false,"flaky":false},"stage":"finished","steps":[],"attachments":[],"parameters":[],"start":1729577842786,"stop":1729577844849},{"name":"And I enter \"123\", \"Muscle Gain\", and \"Yoga\"","status":"passed","statusDetails":{"known":false,"muted":false,"flaky":false},"stage":"finished","steps":[],"attachments":[],"parameters":[],"start":1729577844849,"stop":1729577850079},{"name":"And I click on Save changes button","status":"passed","statusDetails":{"known":false,"muted":false,"flaky":false},"stage":"finished","steps":[],"attachments":[],"parameters":[],"start":1729577850079,"stop":1729577854384},{"name":"Then I should see \"Name can only contain letters and spaces\" in the \"toast\"","status":"broken","statusDetails":{"known":false,"muted":false,"flaky":false,"message":"Expected condition failed: waiting for visibility of element located by By.xpath: //div [@role = \"alert\"] (tried for 20 second(s) with 500 milliseconds interval)\nBuild info: version: '4.24.0', revision: '748ffc9bc3'\nSystem info: os.name: 'Windows 11', os.arch: 'amd64', os.version: '10.0', java.version: '23'\nDriver info: org.openqa.selenium.firefox.FirefoxDriver\nCapabilities {acceptInsecureCerts: true, browserName: firefox, browserVersion: 127.0.1, moz:accessibilityChecks: false, moz:buildID: 20240618110440, moz:debuggerAddress: 127.0.0.1:46062, moz:geckodriverVersion: 0.35.0, moz:headless: false, moz:platformVersion: 10.0, moz:processID: 10036, moz:profile: C:\\Users\\NUTHUL~1\\AppData\\L..., moz:shutdownTimeout: 60000, moz:webdriverClick: true, moz:windowless: false, pageLoadStrategy: normal, platformName: windows, proxy: Proxy(), se:cdp: ws://127.0.0.1:46062/devtoo..., se:cdpVersion: 85.0, setWindowRect: true, strictFileInteractability: false, timeouts: {implicit: 0, pageLoad: 300000, script: 30000}, unhandledPromptBehavior: dismiss and notify, userAgent: Mozilla/5.0 (Windows NT 10....}\nSession ID: acb3f8f3-7b2d-4ca7-b5d1-430d0014485d","trace":"org.openqa.selenium.TimeoutException: Expected condition failed: waiting for visibility of element located by By.xpath: //div [@role = \"alert\"] (tried for 20 second(s) with 500 milliseconds interval)\nBuild info: version: '4.24.0', revision: '748ffc9bc3'\nSystem info: os.name: 'Windows 11', os.arch: 'amd64', os.version: '10.0', java.version: '23'\nDriver info: org.openqa.selenium.firefox.FirefoxDriver\nCapabilities {acceptInsecureCerts: true, browserName: firefox, browserVersion: 127.0.1, moz:accessibilityChecks: false, moz:buildID: 20240618110440, moz:debuggerAddress: 127.0.0.1:46062, moz:geckodriverVersion: 0.35.0, moz:headless: false, moz:platformVersion: 10.0, moz:processID: 10036, moz:profile: C:\\Users\\NUTHUL~1\\AppData\\L..., moz:shutdownTimeout: 60000, moz:webdriverClick: true, moz:windowless: false, pageLoadStrategy: normal, platformName: windows, proxy: Proxy(), se:cdp: ws://127.0.0.1:46062/devtoo..., se:cdpVersion: 85.0, setWindowRect: true, strictFileInteractability: false, timeouts: {implicit: 0, pageLoad: 300000, script: 30000}, unhandledPromptBehavior: dismiss and notify, userAgent: Mozilla/5.0 (Windows NT 10....}\nSession ID: acb3f8f3-7b2d-4ca7-b5d1-430d0014485d\r\n\tat org.openqa.selenium.support.ui.WebDriverWait.timeoutException(WebDriverWait.java:84)\r\n\tat org.openqa.selenium.support.ui.FluentWait.until(FluentWait.java:228)\r\n\tat com.epam.gym.utils.WaitHelper.waitForvisibilityOfElementLocated(WaitHelper.java:33)\r\n\tat com.epam.gym.pages.UpdatePage.getToastMessage(UpdatePage.java:128)\r\n\tat com.epam.gym.ui.stepdefinitions.UpdateProfile.iShouldSeeTheMessage(UpdateProfile.java:82)\r\n\tat ✽.I should see \"Name can only contain letters and spaces\" in the \"toast\"(file:///C:/Users/nuthula_pooja/Desktop/QA/GymManagement_qa/src/test/resources/features/ui/role_management/updateProfile.feature:12)\r\n"},"stage":"finished","steps":[],"attachments":[],"parameters":[],"start":1729577854384,"stop":1729577874679}],"attachments":[],"parameters":[{"name":"name","value":"123"},{"name":"Your Target","value":"Muscle Gain"},{"name":"Your Preferable Activity","value":"Yoga"},{"name":"message","value":"Name can only contain letters and spaces"},{"name":"locator","value":"toast"}],"start":1729577835578,"stop":1729577874679}