{"uuid":"cff18d5e-4456-4e66-8149-c2ff5f7c3bc5","historyId":"24805bd7a7c06ecf92c30272f37f3a3e","testCaseId":"ac1316214e0e8bed8a6b5e23490de24b","fullName":"src/test/resources/features/ui/role_management/updateProfile.feature:17","labels":[{"name":"host","value":"EPINHYDW0F53"},{"name":"thread","value":"22888@EPINHYDW0F53.main(1)"},{"name":"feature","value":"UI Testing for update Profile"},{"name":"story","value":"Validating the Update Profile Page"},{"name":"suite","value":"UI Testing for update Profile"},{"name":"testClass","value":"Validating the Update Profile Page"},{"name":"framework","value":"cucumber4jvm"},{"name":"language","value":"java"},{"name":"gherkin_uri","value":"file:///C:/Users/nuthula_pooja/Desktop/QA/GymManagement_qa/src/test/resources/features/ui/role_management/updateProfile.feature"},{"name":"package","value":"src.test.resources.features.ui.role_management.updateProfile_feature.UI Testing for update Profile"}],"links":[],"name":"Validating the Update Profile Page","status":"broken","statusDetails":{"known":false,"muted":false,"flaky":false,"message":"Expected condition failed: waiting for visibility of element located by By.xpath: //div [@role = \"alert\"] (tried for 20 second(s) with 500 milliseconds interval)\nBuild info: version: '4.24.0', revision: '748ffc9bc3'\nSystem info: os.name: 'Windows 11', os.arch: 'amd64', os.version: '10.0', java.version: '23'\nDriver info: org.openqa.selenium.firefox.FirefoxDriver\nCapabilities {acceptInsecureCerts: true, browserName: firefox, browserVersion: 127.0.1, moz:accessibilityChecks: false, moz:buildID: 20240618110440, moz:debuggerAddress: 127.0.0.1:2392, moz:geckodriverVersion: 0.35.0, moz:headless: false, moz:platformVersion: 10.0, moz:processID: 12152, moz:profile: C:\\Users\\NUTHUL~1\\AppData\\L..., moz:shutdownTimeout: 60000, moz:webdriverClick: true, moz:windowless: false, pageLoadStrategy: normal, platformName: windows, proxy: Proxy(), se:cdp: ws://127.0.0.1:2392/devtool..., se:cdpVersion: 85.0, setWindowRect: true, strictFileInteractability: false, timeouts: {implicit: 0, pageLoad: 300000, script: 30000}, unhandledPromptBehavior: dismiss and notify, userAgent: Mozilla/5.0 (Windows NT 10....}\nSession ID: b8282df4-2fd0-4f18-b3d7-44455ed3569f","trace":"org.openqa.selenium.TimeoutException: Expected condition failed: waiting for visibility of element located by By.xpath: //div [@role = \"alert\"] (tried for 20 second(s) with 500 milliseconds interval)\nBuild info: version: '4.24.0', revision: '748ffc9bc3'\nSystem info: os.name: 'Windows 11', os.arch: 'amd64', os.version: '10.0', java.version: '23'\nDriver info: org.openqa.selenium.firefox.FirefoxDriver\nCapabilities {acceptInsecureCerts: true, browserName: firefox, browserVersion: 127.0.1, moz:accessibilityChecks: false, moz:buildID: 20240618110440, moz:debuggerAddress: 127.0.0.1:2392, moz:geckodriverVersion: 0.35.0, moz:headless: false, moz:platformVersion: 10.0, moz:processID: 12152, moz:profile: C:\\Users\\NUTHUL~1\\AppData\\L..., moz:shutdownTimeout: 60000, moz:webdriverClick: true, moz:windowless: false, pageLoadStrategy: normal, platformName: windows, proxy: Proxy(), se:cdp: ws://127.0.0.1:2392/devtool..., se:cdpVersion: 85.0, setWindowRect: true, strictFileInteractability: false, timeouts: {implicit: 0, pageLoad: 300000, script: 30000}, unhandledPromptBehavior: dismiss and notify, userAgent: Mozilla/5.0 (Windows NT 10....}\nSession ID: b8282df4-2fd0-4f18-b3d7-44455ed3569f\r\n\tat org.openqa.selenium.support.ui.WebDriverWait.timeoutException(WebDriverWait.java:84)\r\n\tat org.openqa.selenium.support.ui.FluentWait.until(FluentWait.java:228)\r\n\tat com.epam.gym.utils.WaitHelper.waitForvisibilityOfElementLocated(WaitHelper.java:33)\r\n\tat com.epam.gym.pages.UpdatePage.getToastMessage(UpdatePage.java:125)\r\n\tat com.epam.gym.ui.stepdefinitions.UpdateProfile.iShouldSeeTheMessage(UpdateProfile.java:82)\r\n\tat ✽.I should see \"Name is required\" in the \"toast\"(file:///C:/Users/nuthula_pooja/Desktop/QA/GymManagement_qa/src/test/resources/features/ui/role_management/updateProfile.feature:12)\r\n"},"stage":"finished","steps":[{"name":"Given I am on the Login Page of the Gym Management Application","status":"passed","statusDetails":{"known":false,"muted":false,"flaky":false},"stage":"finished","steps":[],"attachments":[],"parameters":[],"start":1729577211284,"stop":1729577211437},{"name":"And I enter email and password","status":"passed","statusDetails":{"known":false,"muted":false,"flaky":false},"stage":"finished","steps":[],"attachments":[],"parameters":[],"start":1729577211437,"stop":1729577214872},{"name":"Given I click on the Edit account Profile button","status":"passed","statusDetails":{"known":false,"muted":false,"flaky":false},"stage":"finished","steps":[],"attachments":[],"parameters":[],"start":1729577214872,"stop":1729577218397},{"name":"Then I should navigate to the update profile page","status":"passed","statusDetails":{"known":false,"muted":false,"flaky":false},"stage":"finished","steps":[],"attachments":[],"parameters":[],"start":1729577218397,"stop":1729577220430},{"name":"And I enter \"\", \"Muscle Gain\", and \"Yoga\"","status":"passed","statusDetails":{"known":false,"muted":false,"flaky":false},"stage":"finished","steps":[],"attachments":[],"parameters":[],"start":1729577220430,"stop":1729577225560},{"name":"And I click on Save changes button","status":"passed","statusDetails":{"known":false,"muted":false,"flaky":false},"stage":"finished","steps":[],"attachments":[],"parameters":[],"start":1729577225560,"stop":1729577229841},{"name":"Then I should see \"Name is required\" in the \"toast\"","status":"broken","statusDetails":{"known":false,"muted":false,"flaky":false,"message":"Expected condition failed: waiting for visibility of element located by By.xpath: //div [@role = \"alert\"] (tried for 20 second(s) with 500 milliseconds interval)\nBuild info: version: '4.24.0', revision: '748ffc9bc3'\nSystem info: os.name: 'Windows 11', os.arch: 'amd64', os.version: '10.0', java.version: '23'\nDriver info: org.openqa.selenium.firefox.FirefoxDriver\nCapabilities {acceptInsecureCerts: true, browserName: firefox, browserVersion: 127.0.1, moz:accessibilityChecks: false, moz:buildID: 20240618110440, moz:debuggerAddress: 127.0.0.1:2392, moz:geckodriverVersion: 0.35.0, moz:headless: false, moz:platformVersion: 10.0, moz:processID: 12152, moz:profile: C:\\Users\\NUTHUL~1\\AppData\\L..., moz:shutdownTimeout: 60000, moz:webdriverClick: true, moz:windowless: false, pageLoadStrategy: normal, platformName: windows, proxy: Proxy(), se:cdp: ws://127.0.0.1:2392/devtool..., se:cdpVersion: 85.0, setWindowRect: true, strictFileInteractability: false, timeouts: {implicit: 0, pageLoad: 300000, script: 30000}, unhandledPromptBehavior: dismiss and notify, userAgent: Mozilla/5.0 (Windows NT 10....}\nSession ID: b8282df4-2fd0-4f18-b3d7-44455ed3569f","trace":"org.openqa.selenium.TimeoutException: Expected condition failed: waiting for visibility of element located by By.xpath: //div [@role = \"alert\"] (tried for 20 second(s) with 500 milliseconds interval)\nBuild info: version: '4.24.0', revision: '748ffc9bc3'\nSystem info: os.name: 'Windows 11', os.arch: 'amd64', os.version: '10.0', java.version: '23'\nDriver info: org.openqa.selenium.firefox.FirefoxDriver\nCapabilities {acceptInsecureCerts: true, browserName: firefox, browserVersion: 127.0.1, moz:accessibilityChecks: false, moz:buildID: 20240618110440, moz:debuggerAddress: 127.0.0.1:2392, moz:geckodriverVersion: 0.35.0, moz:headless: false, moz:platformVersion: 10.0, moz:processID: 12152, moz:profile: C:\\Users\\NUTHUL~1\\AppData\\L..., moz:shutdownTimeout: 60000, moz:webdriverClick: true, moz:windowless: false, pageLoadStrategy: normal, platformName: windows, proxy: Proxy(), se:cdp: ws://127.0.0.1:2392/devtool..., se:cdpVersion: 85.0, setWindowRect: true, strictFileInteractability: false, timeouts: {implicit: 0, pageLoad: 300000, script: 30000}, unhandledPromptBehavior: dismiss and notify, userAgent: Mozilla/5.0 (Windows NT 10....}\nSession ID: b8282df4-2fd0-4f18-b3d7-44455ed3569f\r\n\tat org.openqa.selenium.support.ui.WebDriverWait.timeoutException(WebDriverWait.java:84)\r\n\tat org.openqa.selenium.support.ui.FluentWait.until(FluentWait.java:228)\r\n\tat com.epam.gym.utils.WaitHelper.waitForvisibilityOfElementLocated(WaitHelper.java:33)\r\n\tat com.epam.gym.pages.UpdatePage.getToastMessage(UpdatePage.java:125)\r\n\tat com.epam.gym.ui.stepdefinitions.UpdateProfile.iShouldSeeTheMessage(UpdateProfile.java:82)\r\n\tat ✽.I should see \"Name is required\" in the \"toast\"(file:///C:/Users/nuthula_pooja/Desktop/QA/GymManagement_qa/src/test/resources/features/ui/role_management/updateProfile.feature:12)\r\n"},"stage":"finished","steps":[],"attachments":[],"parameters":[],"start":1729577229841,"stop":1729577250034}],"attachments":[],"parameters":[{"name":"name","value":""},{"name":"Your Target","value":"Muscle Gain"},{"name":"Your Preferable Activity","value":"Yoga"},{"name":"message","value":"Name is required"},{"name":"locator","value":"toast"}],"start":1729577211284,"stop":1729577250519}