{"uuid":"e8f73518-5548-4d9e-8575-55b30d0d6254","historyId":"b9784d8856ea8d661b166ac089d0a748","testCaseId":"79e7be8da97e6ff28c7a2266ec3311bf","fullName":"src/test/resources/features/ui/user_management/LoginPage.feature:14","labels":[{"name":"tag","value":"Regression"},{"name":"host","value":"EPINHYDW0F53"},{"name":"thread","value":"35272@EPINHYDW0F53.main(1)"},{"name":"feature","value":"Login to gym application"},{"name":"story","value":"Test login functionality with different credentials"},{"name":"suite","value":"Login to gym application"},{"name":"testClass","value":"Test login functionality with different credentials"},{"name":"framework","value":"cucumber4jvm"},{"name":"language","value":"java"},{"name":"gherkin_uri","value":"file:///C:/Users/nuthula_pooja/Desktop/QA/GymManagement_qa/src/test/resources/features/ui/user_management/LoginPage.feature"},{"name":"package","value":"src.test.resources.features.ui.user_management.LoginPage_feature.Login to gym application"}],"links":[],"name":"Test login functionality with different credentials","status":"failed","statusDetails":{"known":false,"muted":false,"flaky":false,"message":"expected [Login successful] but found [Hello, Rakesh!]","trace":"java.lang.AssertionError: expected [Login successful] but found [Hello, Rakesh!]\r\n\tat org.testng.Assert.fail(Assert.java:111)\r\n\tat org.testng.Assert.failNotEquals(Assert.java:1578)\r\n\tat org.testng.Assert.assertEqualsImpl(Assert.java:150)\r\n\tat org.testng.Assert.assertEquals(Assert.java:132)\r\n\tat org.testng.Assert.assertEquals(Assert.java:656)\r\n\tat org.testng.Assert.assertEquals(Assert.java:666)\r\n\tat com.epam.gym.ui.stepdefinitions.LoginSteps.iShouldSeeTheMessage(LoginSteps.java:49)\r\n\tat ✽.I should see the \"Login successful\" in the \"toast\"(file:///C:/Users/nuthula_pooja/Desktop/QA/GymManagement_qa/src/test/resources/features/ui/user_management/LoginPage.feature:10)\r\n"},"stage":"finished","steps":[{"name":"Given I am on the Login page","status":"passed","statusDetails":{"known":false,"muted":false,"flaky":false},"stage":"finished","steps":[],"attachments":[],"parameters":[],"start":1729787800727,"stop":1729787801300},{"name":"When I enter \"pooja.n@gmail.com\" and \"Valid1$Password\"","status":"passed","statusDetails":{"known":false,"muted":false,"flaky":false},"stage":"finished","steps":[],"attachments":[],"parameters":[],"start":1729787801300,"stop":1729787801626},{"name":"And I click on the login button","status":"passed","statusDetails":{"known":false,"muted":false,"flaky":false},"stage":"finished","steps":[],"attachments":[],"parameters":[],"start":1729787801626,"stop":1729787801966},{"name":"Then I should see the \"Login successful\" in the \"toast\"","status":"failed","statusDetails":{"known":false,"muted":false,"flaky":false,"message":"expected [Login successful] but found [Hello, Rakesh!]","trace":"java.lang.AssertionError: expected [Login successful] but found [Hello, Rakesh!]\r\n\tat org.testng.Assert.fail(Assert.java:111)\r\n\tat org.testng.Assert.failNotEquals(Assert.java:1578)\r\n\tat org.testng.Assert.assertEqualsImpl(Assert.java:150)\r\n\tat org.testng.Assert.assertEquals(Assert.java:132)\r\n\tat org.testng.Assert.assertEquals(Assert.java:656)\r\n\tat org.testng.Assert.assertEquals(Assert.java:666)\r\n\tat com.epam.gym.ui.stepdefinitions.LoginSteps.iShouldSeeTheMessage(LoginSteps.java:49)\r\n\tat ✽.I should see the \"Login successful\" in the \"toast\"(file:///C:/Users/nuthula_pooja/Desktop/QA/GymManagement_qa/src/test/resources/features/ui/user_management/LoginPage.feature:10)\r\n"},"stage":"finished","steps":[],"attachments":[],"parameters":[],"start":1729787801966,"stop":1729787804038}],"attachments":[],"parameters":[{"name":"email","value":"pooja.n@gmail.com"},{"name":"password","value":"Valid1$Password"},{"name":"message","value":"Login successful"},{"name":"locator","value":"toast"}],"start":1729787800727,"stop":1729787804041}